#
# A fatal error has been detected by the Java Runtime Environment:
#
#  SIGSEGV (0xb) at pc=0xb765924a, pid=13385, tid=3077462896
#
# JRE version: 6.0_14-b08
# Java VM: Java HotSpot(TM) Client VM (14.0-b16 mixed mode linux-x86 )
# Problematic frame:
# C  [libhprof.so+0x2224a]
#
# If you would like to submit a bug report, please visit:
#   http://java.sun.com/webapps/bugreport/crash.jsp
# The crash happened outside the Java Virtual Machine in native code.
# See problematic frame for where to report the bug.
#

---------------  T H R E A D  ---------------

Current thread (0xb7563c00):  JavaThread "DestroyJavaVM" [_thread_in_native, id=13390, stack(0xb7695000,0xb76e6000)]

siginfo:si_signo=SIGSEGV: si_errno=0, si_code=1 (SEGV_MAPERR), si_addr=0x49907c40

Registers:
EAX=0xb7503aa0, EBX=0xb76685f8, ECX=0xffffffff, EDX=0x924041a0
ESP=0xb76e4ed0, EBP=0xb76e4ef8, ESI=0xb7503a08, EDI=0x07500348
EIP=0xb765924a, CR2=0x49907c40, EFLAGS=0x00010a47

Top of Stack: (sp=0xb76e4ed0)
0xb76e4ed0:   b7518ab0 00000000 b7666340 b76662a0
0xb76e4ee0:   000003a3 b7503850 b76591db b76685f8
0xb76e4ef0:   acc92fc0 a9b7a7c0 b76e4f28 b76586bf
0xb76e4f00:   b7503a08 b7500348 b76e4f20 b76e4f1c
0xb76e4f10:   acd13498 acd76f18 b76e4f38 00000007
0xb76e4f20:   acc92fc0 b76685f8 b76e4f68 b7655dfb
0xb76e4f30:   b7500348 a9b7a7c0 b76e4f68 b763eeb2
0xb76e4f40:   a9b79e68 6000008b b75b47a0 b7500348 

Instructions: (pc=0xb765924a)
0xb765923a:   04 24 e8 1f 6c 00 00 8b 56 50 8b 46 30 0f af d7
0xb765924a:   8b 0c 02 8b 45 10 89 08 8b 4e 50 8b 46 30 0f af 

Stack: [0xb7695000,0xb76e6000],  sp=0xb76e4ed0,  free space=319k
Native frames: (J=compiled Java code, j=interpreted, Vv=VM code, C=native code)
C  [libhprof.so+0x2224a]
C  [libhprof.so+0x216bf]
C  [libhprof.so+0x1edfb]
C  [libhprof.so+0x1f713]
C  [libhprof.so+0x1df3f]
C  [libhprof.so+0x21a02]
C  [libhprof.so+0x1de31]
C  [libhprof.so+0x1fe98]
C  [libhprof.so+0xea2b]
C  [libhprof.so+0xca19]
V  [libjvm.so+0x2c8fe2]
V  [libjvm.so+0x2113a8]
V  [libjvm.so+0x3cf434]
V  [libjvm.so+0x243111]
C  [java+0x1b2b]  JavaMain+0x25b
C  [libpthread.so.0+0x5935]


---------------  P R O C E S S  ---------------

Java Threads: ( => current thread )
=>0xb7563c00 JavaThread "DestroyJavaVM" [_thread_in_native, id=13390, stack(0xb7695000,0xb76e6000)]
  0xacc1d000 JavaThread "Low Memory Detector" daemon [_thread_blocked, id=13398, stack(0xac98c000,0xac9dd000)]
  0xacc1a000 JavaThread "CompilerThread0" daemon [_thread_blocked, id=13397, stack(0xac9dd000,0xaca5e000)]
  0xb75e9000 JavaThread "Signal Dispatcher" daemon [_thread_blocked, id=13395, stack(0xacaaf000,0xacb00000)]
  0xb75c8c00 JavaThread "Finalizer" daemon [_thread_blocked, id=13394, stack(0xace14000,0xace65000)]
  0xb75ca400 JavaThread "Reference Handler" daemon [_thread_blocked, id=13393, stack(0xace65000,0xaceb6000)]

Other Threads:
  0xb75c5800 VMThread [stack: 0xaceb6000,0xacf37000] [id=13392]

VM state:not at safepoint (normal execution)

VM Mutex/Monitor currently owned by a thread: None

Heap
 def new generation   total 960K, used 719K [0xad180000, 0xad280000, 0xad660000)
  eden space 896K,  73% used [0xad180000, 0xad223f38, 0xad260000)
  from space 64K, 100% used [0xad270000, 0xad280000, 0xad280000)
  to   space 64K,   0% used [0xad260000, 0xad260000, 0xad270000)
 tenured generation   total 7256K, used 4101K [0xad660000, 0xadd76000, 0xb1180000)
   the space 7256K,  56% used [0xad660000, 0xada616a0, 0xada61800, 0xadd76000)
 compacting perm gen  total 12288K, used 1722K [0xb1180000, 0xb1d80000, 0xb5180000)
   the space 12288K,  14% used [0xb1180000, 0xb132eb70, 0xb132ec00, 0xb1d80000)
No shared spaces configured.

Dynamic libraries:
00330000-00347000 r-xp 00000000 fd:00 276868     /lib/libnsl-2.10.1.so
00347000-00348000 r-xp 00016000 fd:00 276868     /lib/libnsl-2.10.1.so
00348000-00349000 rwxp 00017000 fd:00 276868     /lib/libnsl-2.10.1.so
00349000-0034b000 rwxp 00349000 00:00 0 
00451000-00471000 r-xp 00000000 fd:00 276639     /lib/ld-2.10.1.so
00471000-00472000 r-xp 0001f000 fd:00 276639     /lib/ld-2.10.1.so
00472000-00473000 rwxp 00020000 fd:00 276639     /lib/ld-2.10.1.so
00475000-005e0000 r-xp 00000000 fd:00 276640     /lib/libc-2.10.1.so
005e0000-005e1000 ---p 0016b000 fd:00 276640     /lib/libc-2.10.1.so
005e1000-005e3000 r-xp 0016b000 fd:00 276640     /lib/libc-2.10.1.so
005e3000-005e4000 rwxp 0016d000 fd:00 276640     /lib/libc-2.10.1.so
005e4000-005e7000 rwxp 005e4000 00:00 0 
005e9000-0060f000 r-xp 00000000 fd:00 276832     /lib/libm-2.10.1.so
0060f000-00610000 r-xp 00025000 fd:00 276832     /lib/libm-2.10.1.so
00610000-00611000 rwxp 00026000 fd:00 276832     /lib/libm-2.10.1.so
00613000-00616000 r-xp 00000000 fd:00 276646     /lib/libdl-2.10.1.so
00616000-00617000 r-xp 00002000 fd:00 276646     /lib/libdl-2.10.1.so
00617000-00618000 rwxp 00003000 fd:00 276646     /lib/libdl-2.10.1.so
0061a000-00630000 r-xp 00000000 fd:00 276641     /lib/libpthread-2.10.1.so
00630000-00631000 ---p 00016000 fd:00 276641     /lib/libpthread-2.10.1.so
00631000-00632000 r-xp 00016000 fd:00 276641     /lib/libpthread-2.10.1.so
00632000-00633000 rwxp 00017000 fd:00 276641     /lib/libpthread-2.10.1.so
00633000-00635000 rwxp 00633000 00:00 0 
0074d000-00754000 r-xp 00000000 fd:00 276642     /lib/librt-2.10.1.so
00754000-00755000 r-xp 00006000 fd:00 276642     /lib/librt-2.10.1.so
00755000-00756000 rwxp 00007000 fd:00 276642     /lib/librt-2.10.1.so
08048000-08052000 r-xp 00000000 fd:00 263228     /usr/java/jdk1.6.0_14/bin/java
08052000-08053000 rwxp 00009000 fd:00 263228     /usr/java/jdk1.6.0_14/bin/java
09367000-09388000 rwxp 09367000 00:00 0          [heap]
a7101000-a825a000 rwxp a7101000 00:00 0 
a9a00000-a9b8e000 rwxp a9a00000 00:00 0 
a9b8e000-a9c00000 ---p a9b8e000 00:00 0 
a9c00000-a9e00000 rwxp a9c00000 00:00 0 
a9e00000-a9fed000 rwxp a9e00000 00:00 0 
a9fed000-aa000000 ---p a9fed000 00:00 0 
aa000000-aa200000 rwxp aa000000 00:00 0 
aa200000-aa2f9000 rwxp aa200000 00:00 0 
aa2f9000-aa300000 ---p aa2f9000 00:00 0 
aa300000-aa400000 rwxp aa300000 00:00 0 
aa400000-aa600000 rwxp aa400000 00:00 0 
aa600000-aa800000 rwxp aa600000 00:00 0 
aa800000-aaa00000 rwxp aa800000 00:00 0 
aaa00000-aac00000 rwxp aaa00000 00:00 0 
aac00000-aad00000 rwxp aac00000 00:00 0 
aae00000-ab000000 rwxp aae00000 00:00 0 
ab000000-ab200000 rwxp ab000000 00:00 0 
ab200000-ab300000 rwxp ab200000 00:00 0 
ab3d3000-ab500000 rwxp ab3d3000 00:00 0 
ab500000-ab700000 rwxp ab500000 00:00 0 
ab700000-ab8f9000 rwxp ab700000 00:00 0 
ab8f9000-ab900000 ---p ab8f9000 00:00 0 
ab900000-aba00000 rwxp ab900000 00:00 0 
abb00000-abd00000 rwxp abb00000 00:00 0 
abd00000-abf00000 rwxp abd00000 00:00 0 
abf00000-abfff000 rwxp abf00000 00:00 0 
abfff000-ac000000 ---p abfff000 00:00 0 
ac000000-ac100000 rwxp ac000000 00:00 0 
ac100000-ac300000 rwxp ac100000 00:00 0 
ac300000-ac500000 rwxp ac300000 00:00 0 
ac500000-ac5ff000 rwxp ac500000 00:00 0 
ac5ff000-ac600000 ---p ac5ff000 00:00 0 
ac700000-ac800000 rwxp ac700000 00:00 0 
ac90b000-ac90c000 ---p ac90b000 00:00 0 
ac90c000-ac98c000 rwxp ac90c000 00:00 0 
ac98c000-ac98f000 ---p ac98c000 00:00 0 
ac98f000-ac9dd000 rwxp ac98f000 00:00 0 
ac9dd000-ac9e0000 ---p ac9dd000 00:00 0 
ac9e0000-aca5e000 rwxp ac9e0000 00:00 0 
aca5e000-aca61000 rwxp aca5e000 00:00 0 
aca61000-acaaf000 rwxp aca61000 00:00 0 
acaaf000-acab2000 ---p acaaf000 00:00 0 
acab2000-acb00000 rwxp acab2000 00:00 0 
acb00000-acb21000 rwxp acb00000 00:00 0 
acb21000-acc00000 ---p acb21000 00:00 0 
acc00000-acd00000 rwxp acc00000 00:00 0 
acd00000-acdf1000 rwxp acd00000 00:00 0 
acdf1000-ace00000 ---p acdf1000 00:00 0 
ace14000-ace17000 ---p ace14000 00:00 0 
ace17000-ace65000 rwxp ace17000 00:00 0 
ace65000-ace68000 ---p ace65000 00:00 0 
ace68000-aceb6000 rwxp ace68000 00:00 0 
aceb6000-aceb7000 ---p aceb6000 00:00 0 
aceb7000-acf6a000 rwxp aceb7000 00:00 0 
acf6a000-ad100000 r-xs 02fb1000 fd:00 267172     /usr/java/jdk1.6.0_14/jre/lib/rt.jar
ad100000-ad107000 rwxp ad100000 00:00 0 
ad107000-ad121000 rwxp ad107000 00:00 0 
ad121000-ad125000 rwxp ad121000 00:00 0 
ad125000-ad13f000 rwxp ad125000 00:00 0 
ad13f000-ad140000 rwxp ad13f000 00:00 0 
ad140000-ad141000 rwxp ad140000 00:00 0 
ad141000-ad145000 rwxp ad141000 00:00 0 
ad145000-ad15f000 rwxp ad145000 00:00 0 
ad15f000-ad165000 rwxp ad15f000 00:00 0 
ad165000-ad17f000 rwxp ad165000 00:00 0 
ad17f000-ad280000 rwxp ad17f000 00:00 0 
ad280000-ad660000 rwxp ad280000 00:00 0 
ad660000-add76000 rwxp ad660000 00:00 0 
add76000-b1180000 rwxp add76000 00:00 0 
b1180000-b1d80000 rwxp b1180000 00:00 0 
b1d80000-b5180000 rwxp b1d80000 00:00 0 
b5180000-b5182000 rwxp b5180000 00:00 0 
b5182000-b5200000 rwxp b5182000 00:00 0 
b5200000-b5280000 rwxp b5200000 00:00 0 
b5280000-b7200000 rwxp b5280000 00:00 0 
b7200000-b720f000 r-xp 00000000 fd:00 262197     /usr/java/jdk1.6.0_14/jre/lib/i386/libzip.so
b720f000-b7211000 rwxp 0000e000 fd:00 262197     /usr/java/jdk1.6.0_14/jre/lib/i386/libzip.so
b7211000-b7300000 r-xp 037de000 fd:00 6793       /usr/lib/locale/locale-archive
b7300000-b7500000 r-xp 00000000 fd:00 6793       /usr/lib/locale/locale-archive
b7500000-b75fc000 rwxp b7500000 00:00 0 
b75fc000-b7600000 ---p b75fc000 00:00 0 
b760f000-b761a000 r-xp 00000000 fd:00 4795       /lib/libnss_files-2.10.1.so
b761a000-b761b000 r-xp 0000a000 fd:00 4795       /lib/libnss_files-2.10.1.so
b761b000-b761c000 rwxp 0000b000 fd:00 4795       /lib/libnss_files-2.10.1.so
b761e000-b7625000 r-xs 00000000 fd:00 5093       /usr/lib/gconv/gconv-modules.cache
b7625000-b762d000 rwxs 00000000 fd:00 429624     /tmp/hsperfdata_hirkubota/13385
b762d000-b7632000 r-xp 00000000 fd:00 262199     /usr/java/jdk1.6.0_14/jre/lib/i386/libjava_crw_demo.so
b7632000-b7633000 rwxp 00004000 fd:00 262199     /usr/java/jdk1.6.0_14/jre/lib/i386/libjava_crw_demo.so
b7633000-b7636000 r-xp 00000000 fd:00 262198     /usr/java/jdk1.6.0_14/jre/lib/i386/libnpt.so
b7636000-b7637000 rwxp 00002000 fd:00 262198     /usr/java/jdk1.6.0_14/jre/lib/i386/libnpt.so
b7637000-b7668000 r-xp 00000000 fd:00 262200     /usr/java/jdk1.6.0_14/jre/lib/i386/libhprof.so
b7668000-b7669000 rwxp 00030000 fd:00 262200     /usr/java/jdk1.6.0_14/jre/lib/i386/libhprof.so
b7669000-b766f000 r-xp 00000000 fd:00 262179     /usr/java/jdk1.6.0_14/jre/lib/i386/native_threads/libhpi.so
b766f000-b7670000 rwxp 00006000 fd:00 262179     /usr/java/jdk1.6.0_14/jre/lib/i386/native_threads/libhpi.so
b7670000-b7693000 r-xp 00000000 fd:00 262193     /usr/java/jdk1.6.0_14/jre/lib/i386/libjava.so
b7693000-b7695000 rwxp 00023000 fd:00 262193     /usr/java/jdk1.6.0_14/jre/lib/i386/libjava.so
b7695000-b7698000 ---p b7695000 00:00 0 
b7698000-b76e6000 rwxp b7698000 00:00 0 
b76e6000-b7b4b000 r-xp 00000000 fd:00 262186     /usr/java/jdk1.6.0_14/jre/lib/i386/client/libjvm.so
b7b4b000-b7b6b000 rwxp 00465000 fd:00 262186     /usr/java/jdk1.6.0_14/jre/lib/i386/client/libjvm.so
b7b6b000-b7f8d000 rwxp b7b6b000 00:00 0 
b7f8d000-b7f94000 r-xp 00000000 fd:00 262195     /usr/java/jdk1.6.0_14/jre/lib/i386/jli/libjli.so
b7f94000-b7f96000 rwxp 00006000 fd:00 262195     /usr/java/jdk1.6.0_14/jre/lib/i386/jli/libjli.so
b7f99000-b7f9a000 rwxp b7f99000 00:00 0 
b7f9a000-b7f9b000 r-xp b7f9a000 00:00 0 
b7f9b000-b7fa6000 r-xp 00000000 fd:00 262192     /usr/java/jdk1.6.0_14/jre/lib/i386/libverify.so
b7fa6000-b7fa7000 rwxp 0000b000 fd:00 262192     /usr/java/jdk1.6.0_14/jre/lib/i386/libverify.so
b7fa7000-b7fa8000 rwxp b7fa7000 00:00 0 
b7fa8000-b7fa9000 r-xp b7fa8000 00:00 0          [vdso]
bf993000-bf9a9000 rwxp bffea000 00:00 0          [stack]

VM Arguments:
jvm_args: -Xrunhprof -Dfile.encoding=UTF-8 
java_command: jp.co.rakuten.util.tree.Tree
Launcher Type: SUN_STANDARD

Environment Variables:
JAVA_HOME=/usr/java/jdk1.6.0_14
PATH=/usr/local/instantclient_11_1:/usr/local/apache2/bin:/usr/local/mysql/bin:/usr/local/pgsql/bin:/usr/local/openssl/bin:/usr/local/jmeter/bin:/usr/local/mvn/bin:/usr/local/ant/bin:/usr/local/php/bin:/usr/java/jdk1.6.0_14/bin:/home/hirkubota/sfw/sbin:/home/hirkubota/sfw/bin:/usr/local/sbin:/usr/local/bin:/usr/sbin:/usr/bin:/sbin:/bin:/usr/lib/qt-3.3/bin:/usr/kerberos/bin:/home/hirkubota/bin
LD_LIBRARY_PATH=/usr/java/jdk1.6.0_14/jre/lib/i386/client:/usr/java/jdk1.6.0_14/jre/lib/i386:/usr/java/jdk1.6.0_14/jre/../lib/i386:/usr/java/jdk1.6.0_14/jre/lib/i386/client:/usr/java/jdk1.6.0_14/jre/lib/i386:/usr/local/instantclient_11_1:/usr/local/apache2/lib:/usr/local/mysql/lib:/usr/local/pgsql/lib:/usr/local/openssl/lib:/home/hirkubota/sfw/lib:/usr/local/lib::/usr/lib/xulrunner-1.9.1:/usr/lib/xulrunner-1.9.1
SHELL=/bin/bash
DISPLAY=:1.0

Signal Handlers:
SIGSEGV: [libjvm.so+0x3fc070], sa_mask[0]=0x7ffbfeff, sa_flags=0x10000004
SIGBUS: [libjvm.so+0x3fc070], sa_mask[0]=0x7ffbfeff, sa_flags=0x10000004
SIGFPE: [libjvm.so+0x325d30], sa_mask[0]=0x7ffbfeff, sa_flags=0x10000004
SIGPIPE: [libjvm.so+0x325d30], sa_mask[0]=0x7ffbfeff, sa_flags=0x10000004
SIGXFSZ: [libjvm.so+0x325d30], sa_mask[0]=0x7ffbfeff, sa_flags=0x10000004
SIGILL: [libjvm.so+0x325d30], sa_mask[0]=0x7ffbfeff, sa_flags=0x10000004
SIGUSR1: SIG_DFL, sa_mask[0]=0x00000000, sa_flags=0x00000000
SIGUSR2: [libjvm.so+0x328920], sa_mask[0]=0x00000004, sa_flags=0x10000004
SIGHUP: [libjvm.so+0x328650], sa_mask[0]=0x7ffbfeff, sa_flags=0x10000004
SIGINT: SIG_IGN, sa_mask[0]=0x00000000, sa_flags=0x00000000
SIGTERM: [libjvm.so+0x328650], sa_mask[0]=0x7ffbfeff, sa_flags=0x10000004
SIGQUIT: [libjvm.so+0x328650], sa_mask[0]=0x7ffbfeff, sa_flags=0x10000004


---------------  S Y S T E M  ---------------

OS:Fedora release 11 (Leonidas)

uname:Linux 2.6.29.4-167.fc11.i586 #1 SMP Wed May 27 17:14:37 EDT 2009 i686
libc:glibc 2.10.1 NPTL 2.10.1 
rlimit: STACK 10240k, CORE 0k, NPROC 1024, NOFILE 1024, AS infinity
load average:0.51 0.18 0.18

CPU:total 2 (4 cores per cpu, 1 threads per core) family 6 model 15 stepping 11, cmov, cx8, fxsr, mmx, sse, sse2, sse3, ssse3

Memory: 4k page, physical 1602224k(45924k free), swap 2064376k(2064056k free)

vm_info: Java HotSpot(TM) Client VM (14.0-b16) for linux-x86 JRE (1.6.0_14-b08), built on May 21 2009 02:01:47 by "java_re" with gcc 3.2.1-7a (J2SE release)

time: Thu Jan 21 13:34:04 2010
elapsed time: 19 seconds

